#
# There is insufficient memory for the Java Runtime Environment to continue.
# Native memory allocation (mmap) failed to map 67108864 bytes for Failed to commit area from 0x00000000c1600000 to 0x00000000c5600000 of length 67108864.
# Possible reasons:
#   The system is out of physical RAM or swap space
#   The process is running with CompressedOops enabled, and the Java Heap may be blocking the growth of the native heap
# Possible solutions:
#   Reduce memory load on the system
#   Increase physical memory or swap space
#   Check if swap backing store is full
#   Decrease Java heap size (-Xmx/-Xms)
#   Decrease number of Java threads
#   Decrease Java thread stack sizes (-Xss)
#   Set larger code cache with -XX:ReservedCodeCacheSize=
# This output file may be truncated or incomplete.
#
#  Out of Memory Error (./src/hotspot/os/windows/os_windows.cpp:3301), pid=6204, tid=13052
#
# JRE version:  (11.0.11+9) (build )
# Java VM: OpenJDK 64-Bit Server VM (11.0.11+9-b60-7590822, mixed mode, sharing, tiered, compressed oops, g1 gc, windows-amd64)
# No core dump will be written. Minidumps are not enabled by default on client versions of Windows
#

---------------  S U M M A R Y ------------

Command Line: 

Host: Intel(R) Celeron(R) CPU  N3060  @ 1.60GHz, 2 cores, 3G,  Windows 10 , 64 bit Build 19041 (10.0.19041.1466)
Time: Fri Feb  4 13:38:27 2022 W. Central Africa Standard Time elapsed time: 0.514537 seconds (0d 0h 0m 0s)

---------------  T H R E A D  ---------------

Current thread (0x00000212156e5800):  JavaThread "Unknown thread" [_thread_in_vm, id=13052, stack(0x000000b206600000,0x000000b206700000)]

Stack: [0x000000b206600000,0x000000b206700000]
Native frames: (J=compiled Java code, j=interpreted, Vv=VM code, C=native code)
V  [jvm.dll+0x5f214a]
V  [jvm.dll+0x726fb5]
V  [jvm.dll+0x7285cd]
V  [jvm.dll+0x728c83]
V  [jvm.dll+0x243278]
V  [jvm.dll+0x5ef544]
V  [jvm.dll+0x5e4495]
V  [jvm.dll+0x2fec5b]
V  [jvm.dll+0x2febca]
V  [jvm.dll+0x2feaa2]
V  [jvm.dll+0x303986]
V  [jvm.dll+0x34c3a3]
V  [jvm.dll+0x34caa6]
V  [jvm.dll+0x34c4a3]
V  [jvm.dll+0x2d9688]
V  [jvm.dll+0x2da837]
V  [jvm.dll+0x705ba7]
V  [jvm.dll+0x70739c]
V  [jvm.dll+0x3598f9]
V  [jvm.dll+0x6e931e]
V  [jvm.dll+0x3c1c43]
V  [jvm.dll+0x3c3e81]
C  [jli.dll+0x5373]
C  [ucrtbase.dll+0x21bb2]
C  [KERNEL32.DLL+0x17034]
C  [ntdll.dll+0x52651]


---------------  P R O C E S S  ---------------

Threads class SMR info:
_java_thread_list=0x0000021213dfe900, length=0, elements={
}

Java Threads: ( => current thread )

Other Threads:
  0x00000212156fd000 GCTaskThread "GC Thread#0" [stack: 0x000000b206800000,0x000000b206900000] [id=6476]
  0x0000021215718800 ConcurrentGCThread "G1 Main Marker" [stack: 0x000000b206900000,0x000000b206a00000] [id=12636]
  0x000002121571a000 ConcurrentGCThread "G1 Conc#0" [stack: 0x000000b206a00000,0x000000b206b00000] [id=7616]

[error occurred during error reporting (printing all threads), id 0xc0000005, EXCEPTION_ACCESS_VIOLATION (0xc0000005) at pc=0x00007fffe5009c47]

VM state:not at safepoint (not fully initialized)

VM Mutex/Monitor currently owned by a thread:  ([mutex/lock_event])
[0x00000212156e35d0] Heap_lock - owner thread: 0x00000212156e5800

Heap address: 0x00000000c1600000, size: 1002 MB, Compressed Oops mode: Non-zero based: 0x00000000c1600000
Narrow klass base: 0x0000000000000000, Narrow klass shift: 0

GC Heap History (0 events):
No events

Deoptimization events (0 events):
No events

Classes redefined (0 events):
No events

Internal exceptions (0 events):
No events

Events (1 events):
Event: 0.281 Loaded shared library C:\Users\h\Documents\andriod\jre\bin\zip.dll


Dynamic libraries:
0x00007ff7bfcd0000 - 0x00007ff7bfcda000 	C:\Users\h\Documents\andriod\jre\bin\java.EXE
0x00007ff832070000 - 0x00007ff832265000 	C:\WINDOWS\SYSTEM32\ntdll.dll
0x00007ff831b80000 - 0x00007ff831c3e000 	C:\WINDOWS\System32\KERNEL32.DLL
0x00007ff82fa30000 - 0x00007ff82fcf8000 	C:\WINDOWS\System32\KERNELBASE.dll
0x00007ff82fd60000 - 0x00007ff82fe60000 	C:\WINDOWS\System32\ucrtbase.dll
0x00007ff82a6d0000 - 0x00007ff82a6e9000 	C:\Users\h\Documents\andriod\jre\bin\jli.dll
0x00007ff831c40000 - 0x00007ff831de1000 	C:\WINDOWS\System32\USER32.dll
0x00007ff82f8c0000 - 0x00007ff82f8e2000 	C:\WINDOWS\System32\win32u.dll
0x00007ff831950000 - 0x00007ff83197b000 	C:\WINDOWS\System32\GDI32.dll
0x00007ff82f780000 - 0x00007ff82f88d000 	C:\WINDOWS\System32\gdi32full.dll
0x00007ff830010000 - 0x00007ff8300ad000 	C:\WINDOWS\System32\msvcp_win.dll
0x00007ff8199b0000 - 0x00007ff8199c7000 	C:\Users\h\Documents\andriod\jre\bin\VCRUNTIME140.dll
0x00007ff819cb0000 - 0x00007ff819f4a000 	C:\WINDOWS\WinSxS\amd64_microsoft.windows.common-controls_6595b64144ccf1df_6.0.19041.1110_none_60b5254171f9507e\COMCTL32.dll
0x00007ff831990000 - 0x00007ff831a2e000 	C:\WINDOWS\System32\msvcrt.dll
0x00007ff830660000 - 0x00007ff830690000 	C:\WINDOWS\System32\IMM32.DLL
0x00007ff801920000 - 0x00007ff8019bd000 	C:\Users\h\Documents\andriod\jre\bin\msvcp140.dll
0x00007fffe4d20000 - 0x00007fffe57f5000 	C:\Users\h\Documents\andriod\jre\bin\server\jvm.dll
0x00007ff830530000 - 0x00007ff8305de000 	C:\WINDOWS\System32\ADVAPI32.dll
0x00007ff831e50000 - 0x00007ff831eec000 	C:\WINDOWS\System32\sechost.dll
0x00007ff831760000 - 0x00007ff831885000 	C:\WINDOWS\System32\RPCRT4.dll
0x00007ff831980000 - 0x00007ff831988000 	C:\WINDOWS\System32\PSAPI.DLL
0x00007ff82dee0000 - 0x00007ff82dee9000 	C:\WINDOWS\SYSTEM32\WSOCK32.dll
0x00007ff831b10000 - 0x00007ff831b7b000 	C:\WINDOWS\System32\WS2_32.dll
0x00007ff818370000 - 0x00007ff818397000 	C:\WINDOWS\SYSTEM32\WINMM.dll
0x00007ff823980000 - 0x00007ff82398a000 	C:\WINDOWS\SYSTEM32\VERSION.dll
0x00007ff82e030000 - 0x00007ff82e042000 	C:\WINDOWS\SYSTEM32\kernel.appcore.dll
0x00007ff813e90000 - 0x00007ff813ea1000 	C:\Users\h\Documents\andriod\jre\bin\verify.dll
0x00007ff82dcd0000 - 0x00007ff82deb4000 	C:\WINDOWS\SYSTEM32\DBGHELP.DLL
0x00007ff815de0000 - 0x00007ff815e0c000 	C:\WINDOWS\SYSTEM32\dbgcore.DLL
0x00007ff82f9a0000 - 0x00007ff82fa22000 	C:\WINDOWS\System32\bcryptPrimitives.dll
0x00007ff80f210000 - 0x00007ff80f239000 	C:\Users\h\Documents\andriod\jre\bin\java.dll
0x00007ff828eb0000 - 0x00007ff828ebb000 	C:\Users\h\Documents\andriod\jre\bin\jimage.dll
0x00007ff80f7b0000 - 0x00007ff80f7c8000 	C:\Users\h\Documents\andriod\jre\bin\zip.dll

dbghelp: loaded successfully - version: 4.0.5 - missing functions: none
symbol engine: initialized successfully - sym options: 0x614 - pdb path: .;C:\Users\h\Documents\andriod\jre\bin;C:\WINDOWS\SYSTEM32;C:\WINDOWS\WinSxS\amd64_microsoft.windows.common-controls_6595b64144ccf1df_6.0.19041.1110_none_60b5254171f9507e;C:\Users\h\Documents\andriod\jre\bin\server

VM Arguments:
java_command: <unknown>
java_class_path (initial): <not set>
Launcher Type: SUN_STANDARD

[Global flags]
     intx CICompilerCount                          = 2                                         {product} {ergonomic}
     uint ConcGCThreads                            = 1                                         {product} {ergonomic}
     uint G1ConcRefinementThreads                  = 2                                         {product} {ergonomic}
   size_t G1HeapRegionSize                         = 1048576                                   {product} {ergonomic}
    uintx GCDrainStackTargetSize                   = 64                                        {product} {ergonomic}
   size_t InitialHeapSize                          = 67108864                                  {product} {ergonomic}
   size_t MarkStackSize                            = 4194304                                   {product} {ergonomic}
   size_t MaxHeapSize                              = 1050673152                                {product} {ergonomic}
   size_t MinHeapDeltaBytes                        = 1048576                                   {product} {ergonomic}
    uintx NonNMethodCodeHeapSize                   = 5825164                                {pd product} {ergonomic}
    uintx NonProfiledCodeHeapSize                  = 122916538                              {pd product} {ergonomic}
    uintx ProfiledCodeHeapSize                     = 122916538                              {pd product} {ergonomic}
    uintx ReservedCodeCacheSize                    = 251658240                              {pd product} {ergonomic}
     bool SegmentedCodeCache                       = true                                      {product} {ergonomic}
     bool UseCompressedClassPointers               = true                                 {lp64_product} {ergonomic}
     bool UseCompressedOops                        = true                                 {lp64_product} {ergonomic}
     bool UseG1GC                                  = true                                      {product} {ergonomic}
     bool UseLargePagesIndividualAllocation        = false                                  {pd product} {ergonomic}

Logging:
Log output configuration:
 #0: stdout all=warning uptime,level,tags
 #1: stderr all=off uptime,level,tags

Environment Variables:
PATH=C:\Program Files (x86)\Common Files\Intel\Shared Files\cpp\bin\Intel64;C:\WINDOWS\system32;C:\WINDOWS;C:\WINDOWS\System32\Wbem;C:\WINDOWS\System32\WindowsPowerShell\v1.0\;C:\WINDOWS\System32\OpenSSH\;C:\MinGW\bin;C:\Users\h\Documents\flutter\bin;%ANDROID_HOME%\platform-tools;%ANDROID_HOME%\tools;C:\Users\h\AppData\Local\Microsoft\WindowsApps;C:\Users\h\AppData\Local\Programs\Microsoft VS Code\bin;clear;C:\Users\h\Documents\flutter\bin;%ANDROID_HOME%\platform-tools;%ANDROID_HOME%\tools;C:\Users\h\AppData\Local\Android\Sdk\emulator;;C:\Users\h\Documents\flutter\bin\mingit\cmd
USERNAME=h
OS=Windows_NT
PROCESSOR_IDENTIFIER=Intel64 Family 6 Model 76 Stepping 4, GenuineIntel



---------------  S Y S T E M  ---------------

OS: Windows 10 , 64 bit Build 19041 (10.0.19041.1466)
OS uptime: 0 days 1:23 hours

CPU:total 2 (initial active 2) (2 cores per cpu, 1 threads per core) family 6 model 76 stepping 4 microcode 0x411, cmov, cx8, fxsr, mmx, sse, sse2, sse3, ssse3, sse4.1, sse4.2, popcnt, aes, clmul, erms, 3dnowpref, tsc, tscinvbit

Memory: 4k page, system-wide physical 4001M (258M free)
TotalPageFile size 7498M (AvailPageFile size 39M)
current process WorkingSet (physical memory assigned to process): 9M, peak: 9M
current process commit charge ("private bytes"): 47M, peak: 111M

vm_info: OpenJDK 64-Bit Server VM (11.0.11+9-b60-7590822) for windows-amd64 JRE (11.0.11+9-b60-7590822), built on Jul 29 2021 21:43:44 by "builder" with MS VC++ 14.0 (VS2015)

END.
